<?xml version="1.0" encoding="UTF-8"?>
<!-- Generated by org.testng.reporters.JUnitXMLReporter -->
<testsuite ignored="0" hostname="DESKTOP-SPPT2CF" failures="0" tests="4" name="Default test" time="0.108" errors="0" timestamp="2021-11-17T17:04:45 WIB">
  <testcase classname="qasirTesting.NavigateFullTesting" name="@BeforeTest initialize" time="0.009">
    <failure type="java.io.FileNotFoundException" message="C:\Users\Fendy\QasirApp\src\main\java\resource\data.properties (The system cannot find the path specified)">
      <![CDATA[java.io.FileNotFoundException: C:\Users\Fendy\QasirApp\src\main\java\resource\data.properties (The system cannot find the path specified)
at java.base/java.io.FileInputStream.open0(Native Method)
at java.base/java.io.FileInputStream.open(FileInputStream.java:211)
at java.base/java.io.FileInputStream.<init>(FileInputStream.java:153)
at java.base/java.io.FileInputStream.<init>(FileInputStream.java:108)
at resources.base.initializeDriver(base.java:27)
at qasirTesting.NavigateFullTesting.initialize(NavigateFullTesting.java:26)
at java.base/jdk.internal.reflect.NativeMethodAccessorImpl.invoke0(Native Method)
at java.base/jdk.internal.reflect.NativeMethodAccessorImpl.invoke(NativeMethodAccessorImpl.java:64)
at java.base/jdk.internal.reflect.DelegatingMethodAccessorImpl.invoke(DelegatingMethodAccessorImpl.java:43)
at java.base/java.lang.reflect.Method.invoke(Method.java:564)
at org.testng.internal.MethodInvocationHelper.invokeMethod(MethodInvocationHelper.java:133)
at org.testng.internal.MethodInvocationHelper.invokeMethodConsideringTimeout(MethodInvocationHelper.java:62)
at org.testng.internal.ConfigInvoker.invokeConfigurationMethod(ConfigInvoker.java:385)
at org.testng.internal.ConfigInvoker.invokeConfigurations(ConfigInvoker.java:321)
at org.testng.TestRunner.invokeTestConfigurations(TestRunner.java:637)
at org.testng.TestRunner.beforeRun(TestRunner.java:627)
at org.testng.TestRunner.run(TestRunner.java:589)
at org.testng.SuiteRunner.runTest(SuiteRunner.java:377)
at org.testng.SuiteRunner.runSequentially(SuiteRunner.java:371)
at org.testng.SuiteRunner.privateRun(SuiteRunner.java:332)
at org.testng.SuiteRunner.run(SuiteRunner.java:276)
at org.testng.SuiteRunnerWorker.runSuite(SuiteRunnerWorker.java:53)
at org.testng.SuiteRunnerWorker.run(SuiteRunnerWorker.java:96)
at org.testng.TestNG.runSuitesSequentially(TestNG.java:1212)
at org.testng.TestNG.runSuitesLocally(TestNG.java:1134)
at org.testng.TestNG.runSuites(TestNG.java:1063)
at org.testng.TestNG.run(TestNG.java:1031)
at org.testng.remote.AbstractRemoteTestNG.run(AbstractRemoteTestNG.java:115)
at org.testng.remote.RemoteTestNG.initAndRun(RemoteTestNG.java:251)
at org.testng.remote.RemoteTestNG.main(RemoteTestNG.java:77)
]]>
    </failure>
  </testcase> <!-- @BeforeTest initialize -->
  <testcase classname="qasirTesting.NavigateLoginPage" name="@BeforeTest initialize" time="-1.637143484744E9">
    <skipped/>
  </testcase> <!-- @BeforeTest initialize -->
  <testcase classname="qasirTesting.NavigateOutletPage" name="@BeforeTest initialize" time="-1.637143484747E9">
    <skipped/>
  </testcase> <!-- @BeforeTest initialize -->
  <testcase classname="qasirTesting.NavigateProfilePage" name="@BeforeTest initialize" time="-1.637143484752E9">
    <skipped/>
  </testcase> <!-- @BeforeTest initialize -->
  <testcase classname="qasirTesting.NavigateProfilePage" name="navigationToProfile" time="0.0">
    <skipped/>
  </testcase> <!-- navigationToProfile -->
  <testcase classname="qasirTesting.NavigateFullTesting" name="navigateToEnd2End" time="0.0">
    <skipped/>
  </testcase> <!-- navigateToEnd2End -->
  <testcase classname="qasirTesting.NavigateOutletPage" name="navigationToOutlet" time="0.0">
    <skipped/>
  </testcase> <!-- navigationToOutlet -->
  <testcase classname="qasirTesting.NavigateLoginPage" name="navigationToLogin" time="0.0">
    <skipped/>
  </testcase> <!-- navigationToLogin -->
</testsuite> <!-- Default test -->
